Start testing: Apr 03 07:30 UTC
----------------------------------------------------------
1/3 Testing: bubblesort
1/3 Test: bubblesort
Command: "/home/pcsdocker/Data/ES_PCS_2026/esercitazione4/build/test_bubblesort"
Directory: /home/pcsdocker/Data/ES_PCS_2026/esercitazione4/build
"bubblesort" start time: Apr 03 07:30 UTC
Output:
----------------------------------------------------------
SUCCESSO: Test corretto
<end of output>
Test time =   0.04 sec
----------------------------------------------------------
Test Passed.
"bubblesort" end time: Apr 03 07:30 UTC
"bubblesort" time elapsed: 00:00:00
----------------------------------------------------------

2/3 Testing: insertionsort
2/3 Test: insertionsort
Command: "/home/pcsdocker/Data/ES_PCS_2026/esercitazione4/build/test_insertionsort"
Directory: /home/pcsdocker/Data/ES_PCS_2026/esercitazione4/build
"insertionsort" start time: Apr 03 07:30 UTC
Output:
----------------------------------------------------------
SUCCESSO: Test corretto
<end of output>
Test time =   0.03 sec
----------------------------------------------------------
Test Passed.
"insertionsort" end time: Apr 03 07:30 UTC
"insertionsort" time elapsed: 00:00:00
----------------------------------------------------------

3/3 Testing: selectionsort
3/3 Test: selectionsort
Command: "/home/pcsdocker/Data/ES_PCS_2026/esercitazione4/build/test_selectionsort"
Directory: /home/pcsdocker/Data/ES_PCS_2026/esercitazione4/build
"selectionsort" start time: Apr 03 07:30 UTC
Output:
----------------------------------------------------------
SUCCESSO: Test corretto
<end of output>
Test time =   0.04 sec
----------------------------------------------------------
Test Passed.
"selectionsort" end time: Apr 03 07:30 UTC
"selectionsort" time elapsed: 00:00:00
----------------------------------------------------------

End testing: Apr 03 07:30 UTC
